<?xml version="1.0" encoding="UTF-8"?>
<!-- Generated by org.testng.reporters.JUnitReportReporter -->
<testsuite hostname="PNVD013" failures="0" tests="7" name="selenium.webdriver.Xpath" time="0.090" errors="1" timestamp="08 Jan 2022 01:48:05 GMT" skipped="6">
  <testcase classname="selenium.webdriver.Xpath" name="TC_03_Register_Incorrect_Email" time="0.000">
    <skipped/>
  </testcase> <!-- TC_03_Register_Incorrect_Email -->
  <testcase classname="selenium.webdriver.Xpath" name="TC_04_Register_Password_Less_Than_6_Chars" time="0.000">
    <skipped/>
  </testcase> <!-- TC_04_Register_Password_Less_Than_6_Chars -->
  <testcase classname="selenium.webdriver.Xpath" name="TC_01_Register_Empty_Data" time="0.000">
    <skipped/>
  </testcase> <!-- TC_01_Register_Empty_Data -->
  <testcase classname="selenium.webdriver.Xpath" name="TC_02_Register_Invalid_Email" time="0.000">
    <skipped/>
  </testcase> <!-- TC_02_Register_Invalid_Email -->
  <testcase classname="selenium.webdriver.Xpath" name="TC_06_Register_Invalid_Phone" time="0.000">
    <skipped/>
  </testcase> <!-- TC_06_Register_Invalid_Phone -->
  <testcase classname="selenium.webdriver.Xpath" name="TC_05_Register_Incorrect_Password" time="0.000">
    <skipped/>
  </testcase> <!-- TC_05_Register_Incorrect_Password -->
  <testcase classname="selenium.webdriver.Xpath" name="beforeClass" time="0.090">
    <error message="The driver executable must exist: C:\Users\admin\eclipse-workspace\webdriver\browserDrivers\geckodriver.exe" type="java.lang.IllegalStateException">
      <![CDATA[java.lang.IllegalStateException: The driver executable must exist: C:\Users\admin\eclipse-workspace\webdriver\browserDrivers\geckodriver.exe
at org.openqa.selenium.internal.Require$FileStateChecker.isFile(Require.java:315)
at org.openqa.selenium.remote.service.DriverService.checkExecutable(DriverService.java:144)
at org.openqa.selenium.remote.service.DriverService.findExecutable(DriverService.java:139)
at org.openqa.selenium.firefox.GeckoDriverService.access$100(GeckoDriverService.java:44)
at org.openqa.selenium.firefox.GeckoDriverService$Builder.findDefaultExecutable(GeckoDriverService.java:185)
at org.openqa.selenium.remote.service.DriverService$Builder.build(DriverService.java:434)
at org.openqa.selenium.firefox.FirefoxDriver.toExecutor(FirefoxDriver.java:232)
at org.openqa.selenium.firefox.FirefoxDriver.<init>(FirefoxDriver.java:186)
at org.openqa.selenium.firefox.FirefoxDriver.<init>(FirefoxDriver.java:164)
at selenium.webdriver.Xpath.beforeClass(Xpath.java:20)
at java.base/jdk.internal.reflect.NativeMethodAccessorImpl.invoke0(Native Method)
at java.base/jdk.internal.reflect.NativeMethodAccessorImpl.invoke(NativeMethodAccessorImpl.java:77)
at java.base/jdk.internal.reflect.DelegatingMethodAccessorImpl.invoke(DelegatingMethodAccessorImpl.java:43)
at java.base/java.lang.reflect.Method.invoke(Method.java:568)
at org.testng.internal.MethodInvocationHelper.invokeMethod(MethodInvocationHelper.java:124)
at org.testng.internal.MethodInvocationHelper.invokeMethodConsideringTimeout(MethodInvocationHelper.java:59)
at org.testng.internal.Invoker.invokeConfigurationMethod(Invoker.java:458)
at org.testng.internal.Invoker.invokeConfigurations(Invoker.java:222)
at org.testng.internal.Invoker.invokeConfigurations(Invoker.java:142)
at org.testng.internal.TestMethodWorker.invokeBeforeClassMethods(TestMethodWorker.java:168)
at org.testng.internal.TestMethodWorker.run(TestMethodWorker.java:105)
at org.testng.TestRunner.privateRun(TestRunner.java:648)
at org.testng.TestRunner.run(TestRunner.java:505)
at org.testng.SuiteRunner.runTest(SuiteRunner.java:455)
at org.testng.SuiteRunner.runSequentially(SuiteRunner.java:450)
at org.testng.SuiteRunner.privateRun(SuiteRunner.java:415)
at org.testng.SuiteRunner.run(SuiteRunner.java:364)
at org.testng.SuiteRunnerWorker.runSuite(SuiteRunnerWorker.java:52)
at org.testng.SuiteRunnerWorker.run(SuiteRunnerWorker.java:84)
at org.testng.TestNG.runSuitesSequentially(TestNG.java:1208)
at org.testng.TestNG.runSuitesLocally(TestNG.java:1137)
at org.testng.TestNG.runSuites(TestNG.java:1049)
at org.testng.TestNG.run(TestNG.java:1017)
at org.testng.remote.AbstractRemoteTestNG.run(AbstractRemoteTestNG.java:115)
at org.testng.remote.RemoteTestNG.initAndRun(RemoteTestNG.java:251)
at org.testng.remote.RemoteTestNG.main(RemoteTestNG.java:77)
]]>
    </error>
  </testcase> <!-- beforeClass -->
</testsuite> <!-- selenium.webdriver.Xpath -->
